[
    {
        "content": "<p>I want to try and edit the vs-code extension, but when I check it out in vs-code and hit F5, I get this error traceback:</p>\n<div class=\"spoiler-block\"><div class=\"spoiler-header\">\n</div><div class=\"spoiler-content\" aria-hidden=\"true\">\n<div class=\"codehilite\"><pre><span></span><code>&gt; Executing task: npm run compile &lt;\n\n\n&gt; lean@0.16.17 compile C:\\Users\\wiese\\Repos\\lean\\vscode-lean\n&gt; webpack --env.development\n\nHash: 3e3830c841fb123b8e282d197da4855fcbd1905c\nVersion: webpack 4.43.0\nChild webview:\n    Hash: 3e3830c841fb123b8e28\n    Time: 24849ms\n    Built at: 01/01/2021 20:14:11\n       Asset      Size  Chunks             Chunk Names\n    index.js  3.21 MiB   index  [emitted]  index\n    Entrypoint index = index.js\n    [./infoview/collapsing.tsx] 1.67 KiB {index} [built]\n    [./infoview/goal.tsx] 2.09 KiB {index} [built]\n    [./infoview/index.css] 1.13 KiB {index} [built]\n    [./infoview/index.tsx] 6.01 KiB {index} [built]\n    [./infoview/info.tsx] 10.5 KiB {index} [built]\n    [./infoview/messages.tsx] 4.53 KiB {index} [built]\n    [./infoview/server.ts] 5.66 KiB {index} [built]\n    [./infoview/svg_icons.tsx] 3.92 KiB {index} [built]\n    [./infoview/tachyons.css] 1.13 KiB {index} [built]\n    [./infoview/util.tsx] 1.31 KiB {index} [built]\n    [./infoview/widget.tsx] 8.68 KiB {index} [built] [1 error]\n    [./media/copy-to-comment-light.svg] 493 bytes {index} [built]\n    [./node_modules/css-loader/dist/cjs.js!./infoview/index.css] 1.98 KiB {index} [built]\n    [./node_modules/css-loader/dist/cjs.js!./infoview/tachyons.css] 119 KiB {index} [built]\n    [./src/shared.ts] 551 bytes {index} [built]\n        + 81 hidden modules\n\n    ERROR in ./infoview/widget.tsx\n    Module not found: Error: Can&#39;t resolve &#39;katex/dist/katex.min.css&#39; in &#39;C:\\Users\\wiese\\Repos\\lean\\vscode-lean\\infoview&#39;\n     @ ./infoview/widget.tsx 20:0-35\n     @ ./infoview/info.tsx\n     @ ./infoview/index.tsx\n\n    ERROR in ./infoview/widget.tsx\n    Module not found: Error: Can&#39;t resolve &#39;react-katex&#39; in &#39;C:\\Users\\wiese\\Repos\\lean\\vscode-lean\\infoview&#39;\n     @ ./infoview/widget.tsx 21:14-36\n     @ ./infoview/info.tsx\n     @ ./infoview/index.tsx\n\n    ERROR in C:\\Users\\wiese\\Repos\\lean\\vscode-lean\\infoview\\widget.tsx\n    ./infoview/widget.tsx\n    [tsl] ERROR in C:\\Users\\wiese\\Repos\\lean\\vscode-lean\\infoview\\widget.tsx(9,24)\n          TS2307: Cannot find module &#39;react-katex&#39; or its corresponding type declarations.\nChild extension:\n    Hash: 2d197da4855fcbd1905c\n    Time: 28464ms\n    Built at: 01/01/2021 20:14:15\n               Asset      Size     Chunks                   Chunk Names\n        extension.js  2.45 MiB  extension  [emitted]        extension\n    extension.js.map  2.17 MiB  extension  [emitted] [dev]  extension\n    Entrypoint extension = extension.js extension.js.map\n    [./src/batch.ts] 1.06 KiB {extension} [built]\n    [./src/completion.ts] 3.85 KiB {extension} [built]\n    [./src/definition.ts] 1.59 KiB {extension} [built]\n    [./src/diagnostics.ts] 2.51 KiB {extension} [built]\n    [./src/docview.ts] 11.6 KiB {extension} [built]\n    [./src/extension.ts] 5.58 KiB {extension} [built]\n    [./src/holes.ts] 4.42 KiB {extension} [built]\n    [./src/hover.ts] 2.43 KiB {extension} [built]\n    [./src/infoview.ts] 16.8 KiB {extension} [built]\n    [./src/input.ts] 14.1 KiB {extension} [built]\n    [./src/leanpkg.ts] 7.25 KiB {extension} [built]\n    [./src/librarynote.ts] 2.24 KiB {extension} [built]\n    [./src/roi.ts] 7.21 KiB {extension} [built]\n    [./src/search.ts] 1.65 KiB {extension} [built]\n    [./src/server.ts] 9.56 KiB {extension} [built]\n        + 573 hidden modules\n\n    WARNING in ./node_modules/express/lib/view.js 81:13-25\n    Critical dependency: the request of a dependency is an expression\n     @ ./node_modules/express/lib/application.js\n     @ ./node_modules/express/lib/express.js\n     @ ./node_modules/express/index.js\n     @ ./src/staticserver.ts\n     @ ./src/extension.ts\nnpm ERR! code ELIFECYCLE\nnpm ERR! errno 2\nnpm ERR! lean@0.16.17 compile: `webpack --env.development`\nnpm ERR! Exit status 2\nnpm ERR!\nnpm ERR! Failed at the lean@0.16.17 compile script.\nnpm ERR! This is probably not a problem with npm. There is likely additional logging output above.\n\nnpm ERR! A complete log of this run can be found in:\nnpm ERR!     C:\\Users\\wiese\\AppData\\Roaming\\npm-cache\\_logs\\2021-01-01T20_14_15_808Z-debug.log\nThe terminal process &quot;C:\\Program Files\\Git\\bin\\bash.exe &#39;-c&#39;, &#39;npm run compile&#39;&quot; terminated with exit code: 2.\n</code></pre></div>\n</div></div>\n<p>Am I missing a development step?</p>",
        "id": 221367072,
        "sender_full_name": "Eric Wieser",
        "timestamp": 1609532375
    },
    {
        "content": "<p>Ah, I guess I need to rerun <code>npm install</code></p>",
        "id": 221367220,
        "sender_full_name": "Eric Wieser",
        "timestamp": 1609532619
    }
]